TS1070: 'protected' modifier cannot appear on a type member.
TS2300: Duplicate identifier 'ABORT'.
TS2300: Duplicate identifier 'ABORT'.
TS2300: Duplicate identifier 'CLOSED'.
TS2300: Duplicate identifier 'CLOSED'.
TS2300: Duplicate identifier 'EXCEPTION'.
TS2300: Duplicate identifier 'EXCEPTION'.
TS2300: Duplicate identifier 'EvaluateCodeEvent'.
TS2300: Duplicate identifier 'EvaluateCodeEvent'.
TS2300: Duplicate identifier 'FAILED'.
TS2300: Duplicate identifier 'FAILED'.
TS2300: Duplicate identifier 'HTTP_ERROR'.
TS2300: Duplicate identifier 'HTTP_ERROR'.
TS2300: Duplicate identifier 'INIT'.
TS2300: Duplicate identifier 'INIT'.
TS2300: Duplicate identifier 'LoadStatus'.
TS2300: Duplicate identifier 'LoadStatus'.
TS2300: Duplicate identifier 'RECOVERING'.
TS2300: Duplicate identifier 'RECOVERING'.
TS2300: Duplicate identifier 'RequestErrorEvent'.
TS2300: Duplicate identifier 'RequestErrorEvent'.
TS2300: Duplicate identifier 'RequestSuccessEvent'.
TS2300: Duplicate identifier 'RequestSuccessEvent'.
TS2300: Duplicate identifier 'TIMEOUT'.
TS2300: Duplicate identifier 'TIMEOUT'.
TS2300: Duplicate identifier 'Token'.
TS2300: Duplicate identifier 'Token'.
TS2416: Property 'then' in type 'Deferred<VALUE>' is not assignable to the same property in base type 'Thenable<VALUE>'.
TS2417: Class static side 'typeof AnimatedZippy' incorrectly extends base class static side 'typeof Zippy'.
TS2417: Class static side 'typeof BaseNode' incorrectly extends base class static side 'typeof Component'.
TS2417: Class static side 'typeof Checkbox' incorrectly extends base class static side 'typeof Control'.
TS2417: Class static side 'typeof ColorPicker' incorrectly extends base class static side 'typeof Component'.
TS2417: Class static side 'typeof Container' incorrectly extends base class static side 'typeof Component'.
TS2417: Class static side 'typeof Dialog' incorrectly extends base class static side 'typeof ModalPopup'.
TS2417: Class static side 'typeof FilteredMenu' incorrectly extends base class static side 'typeof Menu'.
TS2417: Class static side 'typeof HoverCard' incorrectly extends base class static side 'typeof AdvancedTooltip'.
TS2417: Class static side 'typeof LinkDialog' incorrectly extends base class static side 'typeof AbstractDialog'.
TS2417: Class static side 'typeof Menu' incorrectly extends base class static side 'typeof Container'.
TS2417: Class static side 'typeof Palette' incorrectly extends base class static side 'typeof Control'.
TS2417: Class static side 'typeof Ratings' incorrectly extends base class static side 'typeof Component'.
TS2417: Class static side 'typeof ScrollFloater' incorrectly extends base class static side 'typeof Component'.
TS2417: Class static side 'typeof SliderBase' incorrectly extends base class static side 'typeof Component'.
TS2417: Class static side 'typeof SplitPane' incorrectly extends base class static side 'typeof Component'.
TS2417: Class static side 'typeof TableSorter' incorrectly extends base class static side 'typeof Component'.
TS2417: Class static side 'typeof Textarea' incorrectly extends base class static side 'typeof Control'.
TS2417: Class static side 'typeof TriStateMenuItem' incorrectly extends base class static side 'typeof MenuItem'.
TS2430: Interface 'Thenable<TYPE>' incorrectly extends interface 'PromiseLike<TYPE>'.
TS2451: Cannot redeclare block-scoped variable 'TokenTypes'.
TS2451: Cannot redeclare block-scoped variable 'TokenTypes'.
TS2451: Cannot redeclare block-scoped variable 'TokenTypes'.
TS2451: Cannot redeclare block-scoped variable 'TokenTypes'.
